  main.cpp
  C:\Program Files (x86)\Windows Kits\10\Include\10.0.22000.0\um\dinput.h: DIRECTINPUT_VERSION undefined. Defaulting to version 0x0800
C:\Users\jiwoo\Desktop\Ludens\Ludens\main.cpp(731,14): warning C4244: '초기화 중': 'double'에서 'float'(으)로 변환하면서 데이터가 손실될 수 있습니다.
C:\Users\jiwoo\Desktop\Ludens\Ludens\main.cpp(1730,32): warning C4267: '초기화 중': 'size_t'에서 'int'(으)로 변환하면서 데이터가 손실될 수 있습니다.
C:\Users\jiwoo\Desktop\Ludens\Ludens\main.cpp(1875,63): warning C4267: '=': 'size_t'에서 'int'(으)로 변환하면서 데이터가 손실될 수 있습니다.
C:\Users\jiwoo\Desktop\Ludens\Ludens\main.cpp(1950,72): warning C4267: '=': 'size_t'에서 'int'(으)로 변환하면서 데이터가 손실될 수 있습니다.
C:\Users\jiwoo\Desktop\Ludens\Ludens\main.cpp(2149,28): warning C4244: '인수': 'int'에서 'float'(으)로 변환하면서 데이터가 손실될 수 있습니다.
C:\Users\jiwoo\Desktop\Ludens\Ludens\main.cpp(2150,30): warning C4244: '인수': 'int'에서 'float'(으)로 변환하면서 데이터가 손실될 수 있습니다.
C:\Users\jiwoo\Desktop\Ludens\Ludens\main.cpp(2223,21): warning C4018: '<': signed 또는 unsigned가 일치하지 않습니다.
C:\Users\jiwoo\Desktop\Ludens\Ludens\main.cpp(2227,22): warning C4018: '<': signed 또는 unsigned가 일치하지 않습니다.
C:\Users\jiwoo\Desktop\Ludens\Ludens\main.cpp(2263,21): warning C4018: '<': signed 또는 unsigned가 일치하지 않습니다.
C:\Users\jiwoo\Desktop\Ludens\Ludens\main.cpp(2276,21): warning C4018: '<': signed 또는 unsigned가 일치하지 않습니다.
C:\Users\jiwoo\Desktop\Ludens\Ludens\main.cpp(2278,22): warning C4018: '<': signed 또는 unsigned가 일치하지 않습니다.
C:\Users\jiwoo\Desktop\Ludens\Ludens\main.cpp(2302,21): warning C4018: '<': signed 또는 unsigned가 일치하지 않습니다.
C:\Users\jiwoo\Desktop\Ludens\Ludens\main.cpp(2450,19): warning C4244: '=': 'int'에서 'FLOAT'(으)로 변환하면서 데이터가 손실될 수 있습니다.
C:\Users\jiwoo\Desktop\Ludens\Ludens\main.cpp(2451,20): warning C4244: '=': 'int'에서 'FLOAT'(으)로 변환하면서 데이터가 손실될 수 있습니다.
C:\Users\jiwoo\Desktop\Ludens\Ludens\main.cpp(2490,61): warning C4244: '인수': 'int'에서 'float'(으)로 변환하면서 데이터가 손실될 수 있습니다.
C:\Users\jiwoo\Desktop\Ludens\Ludens\main.cpp(2586,71): warning C4244: '인수': 'double'에서 'float'(으)로 변환하면서 데이터가 손실될 수 있습니다.
C:\Users\jiwoo\Desktop\Ludens\Ludens\main.cpp(2628,15): warning C4244: '=': 'float'에서 '__int64'(으)로 변환하면서 데이터가 손실될 수 있습니다.
C:\Users\jiwoo\Desktop\Ludens\Ludens\main.cpp(2660,98): warning C4244: '인수': 'double'에서 'float'(으)로 변환하면서 데이터가 손실될 수 있습니다.
C:\Users\jiwoo\Desktop\Ludens\Ludens\main.cpp(2753,52): warning C4244: '인수': 'int'에서 'FLOAT'(으)로 변환하면서 데이터가 손실될 수 있습니다.
C:\Users\jiwoo\Desktop\Ludens\Ludens\main.cpp(2753,45): warning C4244: '인수': 'int'에서 'FLOAT'(으)로 변환하면서 데이터가 손실될 수 있습니다.
C:\Users\jiwoo\Desktop\Ludens\Ludens\main.cpp(2762,3): warning C4267: '인수': 'size_t'에서 'UINT32'(으)로 변환하면서 데이터가 손실될 수 있습니다.
C:\Users\jiwoo\Desktop\Ludens\Ludens\main.cpp(3034,12): warning C4244: 'return': 'WPARAM'에서 'int'(으)로 변환하면서 데이터가 손실될 수 있습니다.
  Ludens.vcxproj -> C:\Users\jiwoo\Desktop\Ludens\x64\Debug\Ludens.exe
